
  .   ____          _            __ _ _
 /\\ / ___'_ __ _ _(_)_ __  __ _ \ \ \ \
( ( )\___ | '_ | '_| | '_ \/ _` | \ \ \ \
 \\/  ___)| |_)| | | | | || (_| |  ) ) ) )
  '  |____| .__|_| |_|_| |_\__, | / / / /
 =========|_|==============|___/=/_/_/_/
 :: Spring Boot ::                (v3.2.1)

2026-01-22 19:28:20 [main] [Room ] INFO  com.quizlive.QuizLiveApplication - Starting QuizLiveApplication using Java 17.0.17 with PID 7960 (C:\Users\nitra\Documents\DAM2\juanto\PracticaSpringBoot+Hilos\target\quiz-live-1.0.0.jar started by nitra in C:\Users\nitra\Documents\DAM2\juanto\PracticaSpringBoot+Hilos)
2026-01-22 19:28:20 [main] [Room ] DEBUG com.quizlive.QuizLiveApplication - Running with Spring Boot v3.2.1, Spring v6.1.2
2026-01-22 19:28:20 [main] [Room ] INFO  com.quizlive.QuizLiveApplication - The following 1 profile is active: "prod"
2026-01-22 19:28:21 [main] [Room ] INFO  o.s.d.r.c.RepositoryConfigurationDelegate - Bootstrapping Spring Data JPA repositories in DEFAULT mode.
2026-01-22 19:28:21 [main] [Room ] INFO  o.s.d.r.c.RepositoryConfigurationDelegate - Finished Spring Data repository scanning in 57 ms. Found 7 JPA repository interfaces.
2026-01-22 19:28:22 [main] [Room ] INFO  o.s.b.w.e.tomcat.TomcatWebServer - Tomcat initialized with port 8080 (http)
2026-01-22 19:28:22 [main] [Room ] INFO  o.a.catalina.core.StandardService - Starting service [Tomcat]
2026-01-22 19:28:22 [main] [Room ] INFO  o.a.catalina.core.StandardEngine - Starting Servlet engine: [Apache Tomcat/10.1.17]
2026-01-22 19:28:22 [main] [Room ] INFO  o.a.c.c.C.[Tomcat].[localhost].[/] - Initializing Spring embedded WebApplicationContext
2026-01-22 19:28:22 [main] [Room ] INFO  o.s.b.w.s.c.ServletWebServerApplicationContext - Root WebApplicationContext: initialization completed in 1454 ms
2026-01-22 19:28:22 [main] [Room ] INFO  o.h.jpa.internal.util.LogHelper - HHH000204: Processing PersistenceUnitInfo [name: default]
2026-01-22 19:28:22 [main] [Room ] INFO  org.hibernate.Version - HHH000412: Hibernate ORM core version 6.4.1.Final
2026-01-22 19:28:22 [main] [Room ] INFO  o.h.c.i.RegionFactoryInitiator - HHH000026: Second-level cache disabled
2026-01-22 19:28:22 [main] [Room ] INFO  o.s.o.j.p.SpringPersistenceUnitInfo - No LoadTimeWeaver setup: ignoring JPA class transformer
2026-01-22 19:28:22 [main] [Room ] INFO  com.zaxxer.hikari.HikariDataSource - HikariPool-1 - Starting...
2026-01-22 19:28:22 [main] [Room ] INFO  com.zaxxer.hikari.pool.HikariPool - HikariPool-1 - Added connection com.mysql.cj.jdbc.ConnectionImpl@74f4a2ba
2026-01-22 19:28:22 [main] [Room ] INFO  com.zaxxer.hikari.HikariDataSource - HikariPool-1 - Start completed.
2026-01-22 19:28:22 [main] [Room ] WARN  org.hibernate.orm.deprecation - HHH90000025: MySQL8Dialect does not need to be specified explicitly using 'hibernate.dialect' (remove the property setting and it will be selected by default)
2026-01-22 19:28:22 [main] [Room ] WARN  org.hibernate.orm.deprecation - HHH90000026: MySQL8Dialect has been deprecated; use org.hibernate.dialect.MySQLDialect instead
2026-01-22 19:28:23 [main] [Room ] INFO  o.h.e.t.j.p.i.JtaPlatformInitiator - HHH000489: No JTA platform available (set 'hibernate.transaction.jta.platform' to enable JTA platform integration)
2026-01-22 19:28:23 [main] [Room ] INFO  o.s.o.j.LocalContainerEntityManagerFactoryBean - Initialized JPA EntityManagerFactory for persistence unit 'default'
2026-01-22 19:28:24 [main] [Room ] INFO  o.s.d.j.r.query.QueryEnhancerFactory - Hibernate is in classpath; If applicable, HQL parser will be used.
2026-01-22 19:28:24 [main] [Room ] WARN  o.s.b.a.o.j.JpaBaseConfiguration$JpaWebConfiguration - spring.jpa.open-in-view is enabled by default. Therefore, database queries may be performed during view rendering. Explicitly configure spring.jpa.open-in-view to disable this warning
2026-01-22 19:28:25 [main] [Room ] INFO  o.s.b.a.w.s.WelcomePageHandlerMapping - Adding welcome page template: index
2026-01-22 19:28:25 [main] [Room ] INFO  o.s.s.web.DefaultSecurityFilterChain - Will secure any request with [org.springframework.security.web.session.DisableEncodeUrlFilter@2c75b0c8, org.springframework.security.web.context.request.async.WebAsyncManagerIntegrationFilter@23c95292, org.springframework.security.web.context.SecurityContextHolderFilter@6b5ad1bb, org.springframework.security.web.header.HeaderWriterFilter@644e9953, org.springframework.web.filter.CorsFilter@2f43c73a, org.springframework.security.web.csrf.CsrfFilter@42ea4bac, org.springframework.security.web.authentication.logout.LogoutFilter@4095ebff, org.springframework.security.web.authentication.UsernamePasswordAuthenticationFilter@3d1319b, org.springframework.security.web.savedrequest.RequestCacheAwareFilter@17f216cc, org.springframework.security.web.servletapi.SecurityContextHolderAwareRequestFilter@6ab4215d, org.springframework.security.web.authentication.AnonymousAuthenticationFilter@19d483dc, org.springframework.security.web.access.ExceptionTranslationFilter@3b386ba7, org.springframework.security.web.access.intercept.AuthorizationFilter@382e7f70]
2026-01-22 19:28:25 [main] [Room ] WARN  o.s.b.w.s.c.AnnotationConfigServletWebServerApplicationContext - Exception encountered during context initialization - cancelling refresh attempt: org.springframework.context.ApplicationContextException: Failed to start bean 'webServerStartStop'
2026-01-22 19:28:25 [main] [Room ] INFO  o.s.o.j.LocalContainerEntityManagerFactoryBean - Closing JPA EntityManagerFactory for persistence unit 'default'
2026-01-22 19:28:25 [main] [Room ] INFO  com.zaxxer.hikari.HikariDataSource - HikariPool-1 - Shutdown initiated...
2026-01-22 19:28:25 [main] [Room ] INFO  com.zaxxer.hikari.HikariDataSource - HikariPool-1 - Shutdown completed.
2026-01-22 19:28:25 [main] [Room ] INFO  o.s.b.a.l.ConditionEvaluationReportLogger - 

Error starting ApplicationContext. To display the condition evaluation report re-run your application with 'debug' enabled.
2026-01-22 19:28:25 [main] [Room ] ERROR o.s.b.d.LoggingFailureAnalysisReporter - 

***************************
APPLICATION FAILED TO START
***************************

Description:

Web server failed to start. Port 8080 was already in use.

Action:

Identify and stop the process that's listening on port 8080 or configure this application to listen on another port.

